
The following files have been resolved:
   org.mockito:mockito-core:jar:2.18.0:compile
   org.eclipse.jetty:jetty-servlet:jar:9.3.2.v20150730:compile
   org.eclipse.jetty.websocket:websocket-api:jar:9.3.2.v20150730:compile
   com.sparkjava:spark-core:jar:2.3:compile
   org.eclipse.jetty:jetty-server:jar:9.3.2.v20150730:compile
   org.slf4j:slf4j-api:jar:1.7.12:compile
   org.eclipse.jetty:jetty-xml:jar:9.3.2.v20150730:compile
   org.eclipse.jetty.websocket:websocket-server:jar:9.3.2.v20150730:compile
   com.google.code.gson:gson:jar:2.8.0:compile
   mysql:mysql-connector-java:jar:5.1.6:compile
   org.eclipse.jetty:jetty-util:jar:9.3.2.v20150730:compile
   org.eclipse.jetty:jetty-io:jar:9.3.2.v20150730:compile
   org.eclipse.jetty.websocket:websocket-common:jar:9.3.2.v20150730:compile
   org.objenesis:objenesis:jar:2.6:compile
   org.eclipse.jetty:jetty-webapp:jar:9.3.2.v20150730:compile
   org.slf4j:slf4j-simple:jar:1.7.12:compile
   org.xerial:sqlite-jdbc:jar:3.21.0.1:compile
   org.eclipse.jetty.websocket:websocket-client:jar:9.3.2.v20150730:compile
   org.eclipse.jetty:jetty-http:jar:9.3.2.v20150730:compile
   org.eclipse.jetty:jetty-security:jar:9.3.2.v20150730:compile
   org.hamcrest:hamcrest-core:jar:1.3:compile
   javax.servlet:javax.servlet-api:jar:3.1.0:compile
   net.bytebuddy:byte-buddy:jar:1.8.3:compile
   junit:junit:jar:4.12:compile
   org.eclipse.jetty.websocket:websocket-servlet:jar:9.3.2.v20150730:compile
   net.bytebuddy:byte-buddy-agent:jar:1.8.3:compile
   postgresql:postgresql:jar:9.1-901-1.jdbc4:compile

